<?xml version="1.0" encoding="UTF-8"?>
<!-- Generated by org.testng.reporters.JUnitXMLReporter -->
<testsuite hostname="LAPTOP-7J4AUQ5A" ignored="0" name="Default test" tests="3" failures="0" timestamp="25 Feb 2020 09:21:02 GMT" time="10.248" errors="0">
  <testcase name="verifydressestab" time="4.319" classname="testpage.homepagetest"/>
  <testcase name="verifytshirtstab" time="3.053" classname="testpage.homepagetest"/>
  <testcase name="verifywomentab" time="2.827" classname="testpage.homepagetest"/>
</testsuite> <!-- Default test -->
